  Config.cpp
  EventService.cpp
  main.cpp
  ServiceLocator.cpp
  SoundService.cpp
E:\Outscal\DataStructures\Array Jumper\Array-Jumper\source\Sound\SoundService.cpp(67,30): warning C4244: 'argument': conversion from 'const int' to 'float', possible loss of data
  GameService.cpp
  GraphicService.cpp
  CreditsScreenUIController.cpp
E:\Outscal\DataStructures\Array Jumper\Array-Jumper\source\UI\Credits\CreditsScreenUIController.cpp(65,128): warning C4244: 'argument': conversion from 'T' to 'float', possible loss of data
E:\Outscal\DataStructures\Array Jumper\Array-Jumper\source\UI\Credits\CreditsScreenUIController.cpp(65,128): warning C4244:         with
E:\Outscal\DataStructures\Array Jumper\Array-Jumper\source\UI\Credits\CreditsScreenUIController.cpp(65,128): warning C4244:         [
E:\Outscal\DataStructures\Array Jumper\Array-Jumper\source\UI\Credits\CreditsScreenUIController.cpp(65,128): warning C4244:             T=unsigned int
E:\Outscal\DataStructures\Array Jumper\Array-Jumper\source\UI\Credits\CreditsScreenUIController.cpp(65,128): warning C4244:         ]
E:\Outscal\DataStructures\Array Jumper\Array-Jumper\source\UI\Credits\CreditsScreenUIController.cpp(65,102): warning C4244: 'argument': conversion from 'T' to 'float', possible loss of data
E:\Outscal\DataStructures\Array Jumper\Array-Jumper\source\UI\Credits\CreditsScreenUIController.cpp(65,102): warning C4244:         with
E:\Outscal\DataStructures\Array Jumper\Array-Jumper\source\UI\Credits\CreditsScreenUIController.cpp(65,102): warning C4244:         [
E:\Outscal\DataStructures\Array Jumper\Array-Jumper\source\UI\Credits\CreditsScreenUIController.cpp(65,102): warning C4244:             T=unsigned int
E:\Outscal\DataStructures\Array Jumper\Array-Jumper\source\UI\Credits\CreditsScreenUIController.cpp(65,102): warning C4244:         ]
  InstructionsUIController.cpp
E:\Outscal\DataStructures\Array Jumper\Array-Jumper\source\UI\Instructions\InstructionsUIController.cpp(61,128): warning C4244: 'argument': conversion from 'T' to 'float', possible loss of data
E:\Outscal\DataStructures\Array Jumper\Array-Jumper\source\UI\Instructions\InstructionsUIController.cpp(61,128): warning C4244:         with
E:\Outscal\DataStructures\Array Jumper\Array-Jumper\source\UI\Instructions\InstructionsUIController.cpp(61,128): warning C4244:         [
E:\Outscal\DataStructures\Array Jumper\Array-Jumper\source\UI\Instructions\InstructionsUIController.cpp(61,128): warning C4244:             T=unsigned int
E:\Outscal\DataStructures\Array Jumper\Array-Jumper\source\UI\Instructions\InstructionsUIController.cpp(61,128): warning C4244:         ]
E:\Outscal\DataStructures\Array Jumper\Array-Jumper\source\UI\Instructions\InstructionsUIController.cpp(61,102): warning C4244: 'argument': conversion from 'T' to 'float', possible loss of data
E:\Outscal\DataStructures\Array Jumper\Array-Jumper\source\UI\Instructions\InstructionsUIController.cpp(61,102): warning C4244:         with
E:\Outscal\DataStructures\Array Jumper\Array-Jumper\source\UI\Instructions\InstructionsUIController.cpp(61,102): warning C4244:         [
E:\Outscal\DataStructures\Array Jumper\Array-Jumper\source\UI\Instructions\InstructionsUIController.cpp(61,102): warning C4244:             T=unsigned int
E:\Outscal\DataStructures\Array Jumper\Array-Jumper\source\UI\Instructions\InstructionsUIController.cpp(61,102): warning C4244:         ]
E:\Outscal\DataStructures\Array Jumper\Array-Jumper\source\UI\Instructions\InstructionsUIController.cpp(73,31): warning C4018: '<': signed/unsigned mismatch
E:\Outscal\DataStructures\Array Jumper\Array-Jumper\source\UI\Instructions\InstructionsUIController.cpp(96,31): warning C4018: '<': signed/unsigned mismatch
E:\Outscal\DataStructures\Array Jumper\Array-Jumper\source\UI\Instructions\InstructionsUIController.cpp(107,31): warning C4018: '<': signed/unsigned mismatch
E:\Outscal\DataStructures\Array Jumper\Array-Jumper\source\UI\Instructions\InstructionsUIController.cpp(118,31): warning C4018: '<': signed/unsigned mismatch
E:\Outscal\DataStructures\Array Jumper\Array-Jumper\source\UI\Instructions\InstructionsUIController.cpp(129,31): warning C4018: '<': signed/unsigned mismatch
  MainMenuUIController.cpp
E:\Outscal\DataStructures\Array Jumper\Array-Jumper\source\UI\MainMenu\MainMenuUIController.cpp(53,128): warning C4244: 'argument': conversion from 'T' to 'float', possible loss of data
E:\Outscal\DataStructures\Array Jumper\Array-Jumper\source\UI\MainMenu\MainMenuUIController.cpp(53,128): warning C4244:         with
E:\Outscal\DataStructures\Array Jumper\Array-Jumper\source\UI\MainMenu\MainMenuUIController.cpp(53,128): warning C4244:         [
E:\Outscal\DataStructures\Array Jumper\Array-Jumper\source\UI\MainMenu\MainMenuUIController.cpp(53,128): warning C4244:             T=unsigned int
E:\Outscal\DataStructures\Array Jumper\Array-Jumper\source\UI\MainMenu\MainMenuUIController.cpp(53,128): warning C4244:         ]
E:\Outscal\DataStructures\Array Jumper\Array-Jumper\source\UI\MainMenu\MainMenuUIController.cpp(53,102): warning C4244: 'argument': conversion from 'T' to 'float', possible loss of data
E:\Outscal\DataStructures\Array Jumper\Array-Jumper\source\UI\MainMenu\MainMenuUIController.cpp(53,102): warning C4244:         with
E:\Outscal\DataStructures\Array Jumper\Array-Jumper\source\UI\MainMenu\MainMenuUIController.cpp(53,102): warning C4244:         [
E:\Outscal\DataStructures\Array Jumper\Array-Jumper\source\UI\MainMenu\MainMenuUIController.cpp(53,102): warning C4244:             T=unsigned int
E:\Outscal\DataStructures\Array Jumper\Array-Jumper\source\UI\MainMenu\MainMenuUIController.cpp(53,102): warning C4244:         ]
  SplashScreenUIController.cpp
  AnimatedImageView.cpp
  ButtonView.cpp
  ImageView.cpp
E:\Outscal\DataStructures\Array Jumper\Array-Jumper\source\UI\UIElement\ImageView.cpp(68,23): warning C4244: '=': conversion from 'float' to 'sf::Uint8', possible loss of data
  TextView.cpp
  UIView.cpp
  UIService.cpp
  Generating Code...
  Array-Jumper.vcxproj -> E:\Outscal\DataStructures\Array Jumper\Array-Jumper\Debug\Array-Jumper.exe
